<?xml version="1.0" encoding="UTF-8"?>
<testng-results skipped="0" failed="0" ignored="0" total="1" passed="1">
  <reporter-output>
  </reporter-output>
  <suite name="Default suite" duration-ms="30587" started-at="2019-09-01T07:32:07Z" finished-at="2019-09-01T07:32:37Z">
    <groups>
    </groups>
    <test name="Default test" duration-ms="30587" started-at="2019-09-01T07:32:07Z" finished-at="2019-09-01T07:32:37Z">
      <class name="Ace_Invoice.Test.AceSign">
        <test-method status="PASS" signature="test()[pri:0, instance:Ace_Invoice.Test.AceSign@1593948d]" name="test" duration-ms="30573" started-at="2019-09-01T13:02:07Z" finished-at="2019-09-01T13:02:37Z">
          <reporter-output>
          </reporter-output>
        </test-method> <!-- test -->
      </class> <!-- Ace_Invoice.Test.AceSign -->
    </test> <!-- Default test -->
  </suite> <!-- Default suite -->
</testng-results>
